<?xml version="1.0" encoding="UTF-8"?>
<!-- Generated by org.testng.reporters.JUnitReportReporter -->
<testsuite hostname="DESKTOP-G3T8VE9" failures="0" tests="6" name="com.amazon.testNG.DependsOnMethods" time="28.479" errors="0" timestamp="2023-02-23T10:12:38 IST" skipped="0">
  <testcase classname="com.amazon.testNG.DependsOnMethods" name="windowHandles" time="12.003"/>
  <system-out/>
  <testcase classname="com.amazon.testNG.DependsOnMethods" name="getTitlePage" time="0.052"/>
  <system-out/>
  <testcase classname="com.amazon.testNG.DependsOnMethods" name="subMenu" time="1.944"/>
  <system-out/>
  <testcase classname="com.amazon.testNG.DependsOnMethods" name="screenshot" time="1.224"/>
  <system-out/>
  <testcase classname="com.amazon.testNG.DependsOnMethods" name="SearchKeywords" time="8.018"/>
  <system-out/>
  <testcase classname="com.amazon.testNG.DependsOnMethods" name="goToCart" time="5.238"/>
  <system-out/>
</testsuite> <!-- com.amazon.testNG.DependsOnMethods -->
