<?xml version="1.0" encoding="UTF-8"?>
<!-- Generated by org.testng.reporters.JUnitReportReporter -->
<testsuite hostname="DESKTOP-G3T8VE9" failures="0" tests="6" name="com.amazon.practice.GetProductTitle" time="37.674" errors="0" timestamp="2023-02-25T20:26:23 IST" skipped="0">
  <testcase classname="com.amazon.practice.GetProductTitle" name="subMenu" time="1.689"/>
  <system-out/>
  <testcase classname="com.amazon.practice.GetProductTitle" name="SearchKeywords" time="8.661"/>
  <system-out/>
  <testcase classname="com.amazon.practice.GetProductTitle" name="windowHandles" time="17.417"/>
  <system-out/>
  <testcase classname="com.amazon.practice.GetProductTitle" name="screenshot" time="0.506"/>
  <system-out/>
  <testcase classname="com.amazon.practice.GetProductTitle" name="goToCart" time="9.315"/>
  <system-out/>
  <testcase classname="com.amazon.practice.GetProductTitle" name="getTitlePage" time="0.086"/>
  <system-out/>
</testsuite> <!-- com.amazon.practice.GetProductTitle -->
