<?xml version="1.0" encoding="UTF-8"?>
<!-- Generated by org.testng.reporters.JUnitReportReporter -->
<testsuite hostname="DESKTOP-G3T8VE9" failures="0" tests="3" name="com.amazon.practice.DataProvider" time="0.017" errors="0" timestamp="2023-02-25T10:26:45 IST" skipped="0">
  <testcase classname="com.amazon.practice.DataProvider" name="myTest" time="0.004"/>
  <system-out/>
  <testcase classname="com.amazon.practice.DataProvider" name="myTest" time="0.011"/>
  <system-out/>
  <testcase classname="com.amazon.practice.DataProvider" name="myTest" time="0.002"/>
  <system-out/>
</testsuite> <!-- com.amazon.practice.DataProvider -->
